0 verbose cli /home/osama/.nvm/versions/node/v20.16.0/bin/node /home/osama/.nvm/versions/node/v20.16.0/bin/npm
1 info using npm@10.8.2
2 info using node@v20.16.0
3 silly config load:file:/home/osama/.nvm/versions/node/v20.16.0/lib/node_modules/npm/npmrc
4 silly config load:file:/home/osama/SideProjects/InfoBoard/api/.npmrc
5 silly config load:file:/home/osama/.npmrc
6 silly config load:file:/home/osama/.nvm/versions/node/v20.16.0/etc/npmrc
7 verbose title npm update
8 verbose argv "update"
9 verbose logfile logs-max:10 dir:/home/osama/SideProjects/InfoBoard/api/.npm_cache/_logs/2024-08-01T00_09_06_892Z-
10 verbose logfile /home/osama/SideProjects/InfoBoard/api/.npm_cache/_logs/2024-08-01T00_09_06_892Z-debug-0.log
11 silly packumentCache heap:4345298944 maxSize:1086324736 maxEntrySize:543162368
12 silly logfile done cleaning log files
13 silly idealTree buildDeps
14 silly fetch manifest cors@^2.8.5
15 silly packumentCache full:https://registry.npmjs.org/cors cache-miss
16 http fetch GET 200 https://registry.npmjs.org/cors 64ms (cache miss)
17 silly packumentCache full:https://registry.npmjs.org/cors set size:undefined disposed:false
18 silly fetch manifest dotenv@^16.3.1
19 silly packumentCache full:https://registry.npmjs.org/dotenv cache-miss
20 http fetch GET 200 https://registry.npmjs.org/npm 97ms
21 http fetch GET 200 https://registry.npmjs.org/dotenv 40ms (cache miss)
22 silly packumentCache full:https://registry.npmjs.org/dotenv set size:undefined disposed:false
23 silly fetch manifest express@^4.18.2
24 silly packumentCache full:https://registry.npmjs.org/express cache-miss
25 http fetch GET 200 https://registry.npmjs.org/express 32ms (cache miss)
26 silly packumentCache full:https://registry.npmjs.org/express set size:undefined disposed:false
27 silly placeDep ROOT cors@2.8.5 OK for: api@1.0.0 want: ^2.8.5
28 silly placeDep ROOT dotenv@16.4.5 OK for: api@1.0.0 want: ^16.3.1
29 silly placeDep ROOT express@4.19.2 OK for: api@1.0.0 want: ^4.18.2
30 silly fetch manifest vary@^1
31 silly packumentCache full:https://registry.npmjs.org/vary cache-miss
32 silly fetch manifest object-assign@^4
33 silly packumentCache full:https://registry.npmjs.org/object-assign cache-miss
34 silly fetch manifest qs@6.11.0
35 silly packumentCache full:https://registry.npmjs.org/qs cache-miss
36 silly fetch manifest depd@2.0.0
37 silly packumentCache full:https://registry.npmjs.org/depd cache-miss
38 silly fetch manifest etag@~1.8.1
39 silly packumentCache full:https://registry.npmjs.org/etag cache-miss
40 silly fetch manifest send@0.18.0
41 silly packumentCache full:https://registry.npmjs.org/send cache-miss
42 silly fetch manifest vary@~1.1.2
43 silly packumentCache full:https://registry.npmjs.org/vary cache-miss
44 silly fetch manifest debug@2.6.9
45 silly packumentCache full:https://registry.npmjs.org/debug cache-miss
46 silly fetch manifest fresh@0.5.2
47 silly packumentCache full:https://registry.npmjs.org/fresh cache-miss
48 silly fetch manifest cookie@0.6.0
49 silly packumentCache full:https://registry.npmjs.org/cookie cache-miss
50 silly fetch manifest accepts@~1.3.8
51 silly packumentCache full:https://registry.npmjs.org/accepts cache-miss
52 silly fetch manifest methods@~1.1.2
53 silly packumentCache full:https://registry.npmjs.org/methods cache-miss
54 silly fetch manifest type-is@~1.6.18
55 silly packumentCache full:https://registry.npmjs.org/type-is cache-miss
56 silly fetch manifest parseurl@~1.3.3
57 silly packumentCache full:https://registry.npmjs.org/parseurl cache-miss
58 silly fetch manifest statuses@2.0.1
59 silly packumentCache full:https://registry.npmjs.org/statuses cache-miss
60 http fetch GET 200 https://registry.npmjs.org/object-assign 49ms (cache miss)
61 silly packumentCache full:https://registry.npmjs.org/object-assign set size:undefined disposed:false
62 silly fetch manifest encodeurl@~1.0.2
63 silly packumentCache full:https://registry.npmjs.org/encodeurl cache-miss
64 http fetch GET 200 https://registry.npmjs.org/vary 54ms (cache miss)
65 silly packumentCache full:https://registry.npmjs.org/vary set size:undefined disposed:false
66 silly fetch manifest proxy-addr@~2.0.7
67 silly packumentCache full:https://registry.npmjs.org/proxy-addr cache-miss
68 http fetch GET 200 https://registry.npmjs.org/debug 54ms (cache miss)
69 silly packumentCache full:https://registry.npmjs.org/debug set size:undefined disposed:false
70 silly fetch manifest body-parser@1.20.2
71 silly packumentCache full:https://registry.npmjs.org/body-parser cache-miss
72 http fetch GET 200 https://registry.npmjs.org/etag 65ms (cache miss)
73 silly packumentCache full:https://registry.npmjs.org/etag set size:undefined disposed:false
74 silly fetch manifest escape-html@~1.0.3
75 silly packumentCache full:https://registry.npmjs.org/escape-html cache-miss
76 http fetch GET 200 https://registry.npmjs.org/depd 66ms (cache miss)
77 silly packumentCache full:https://registry.npmjs.org/depd set size:undefined disposed:false
78 silly fetch manifest http-errors@2.0.0
79 silly packumentCache full:https://registry.npmjs.org/http-errors cache-miss
80 http fetch GET 200 https://registry.npmjs.org/fresh 68ms (cache miss)
81 silly packumentCache full:https://registry.npmjs.org/fresh set size:undefined disposed:false
82 silly fetch manifest on-finished@2.4.1
83 silly packumentCache full:https://registry.npmjs.org/on-finished cache-miss
84 http fetch GET 200 https://registry.npmjs.org/send 72ms (cache miss)
85 silly packumentCache full:https://registry.npmjs.org/send set size:undefined disposed:false
86 silly fetch manifest safe-buffer@5.2.1
87 silly packumentCache full:https://registry.npmjs.org/safe-buffer cache-miss
88 http fetch GET 200 https://registry.npmjs.org/vary 81ms (cache miss)
89 silly packumentCache full:https://registry.npmjs.org/vary set size:undefined disposed:false
90 silly fetch manifest utils-merge@1.0.1
91 silly packumentCache full:https://registry.npmjs.org/utils-merge cache-miss
92 http fetch GET 200 https://registry.npmjs.org/parseurl 81ms (cache miss)
93 silly packumentCache full:https://registry.npmjs.org/parseurl set size:undefined disposed:false
94 silly fetch manifest content-type@~1.0.4
95 silly packumentCache full:https://registry.npmjs.org/content-type cache-miss
96 http fetch GET 200 https://registry.npmjs.org/accepts 83ms (cache miss)
97 silly packumentCache full:https://registry.npmjs.org/accepts set size:undefined disposed:false
98 silly fetch manifest finalhandler@1.2.0
99 silly packumentCache full:https://registry.npmjs.org/finalhandler cache-miss
100 http fetch GET 200 https://registry.npmjs.org/statuses 85ms (cache miss)
101 silly packumentCache full:https://registry.npmjs.org/statuses set size:undefined disposed:false
102 silly fetch manifest range-parser@~1.2.1
103 silly packumentCache full:https://registry.npmjs.org/range-parser cache-miss
104 http fetch GET 200 https://registry.npmjs.org/type-is 86ms (cache miss)
105 silly packumentCache full:https://registry.npmjs.org/type-is set size:undefined disposed:false
106 silly fetch manifest serve-static@1.15.0
107 silly packumentCache full:https://registry.npmjs.org/serve-static cache-miss
108 http fetch GET 200 https://registry.npmjs.org/proxy-addr 35ms (cache miss)
109 silly packumentCache full:https://registry.npmjs.org/proxy-addr set size:undefined disposed:false
110 silly fetch manifest array-flatten@1.1.1
111 silly packumentCache full:https://registry.npmjs.org/array-flatten cache-miss
112 http fetch GET 200 https://registry.npmjs.org/cookie 90ms (cache miss)
113 silly packumentCache full:https://registry.npmjs.org/cookie set size:undefined disposed:false
114 silly fetch manifest path-to-regexp@0.1.7
115 silly packumentCache full:https://registry.npmjs.org/path-to-regexp cache-miss
116 http fetch GET 200 https://registry.npmjs.org/methods 93ms (cache miss)
117 silly packumentCache full:https://registry.npmjs.org/methods set size:undefined disposed:false
118 silly fetch manifest setprototypeof@1.2.0
119 silly packumentCache full:https://registry.npmjs.org/setprototypeof cache-miss
120 http fetch GET 200 https://registry.npmjs.org/qs 97ms (cache miss)
121 silly packumentCache full:https://registry.npmjs.org/qs set size:undefined disposed:false
122 silly fetch manifest cookie-signature@1.0.6
123 silly packumentCache full:https://registry.npmjs.org/cookie-signature cache-miss
124 http fetch GET 200 https://registry.npmjs.org/body-parser 42ms (cache miss)
125 silly packumentCache full:https://registry.npmjs.org/body-parser set size:undefined disposed:false
126 silly fetch manifest merge-descriptors@1.0.1
127 silly packumentCache full:https://registry.npmjs.org/merge-descriptors cache-miss
128 http fetch GET 200 https://registry.npmjs.org/encodeurl 54ms (cache miss)
129 silly packumentCache full:https://registry.npmjs.org/encodeurl set size:undefined disposed:false
130 silly fetch manifest content-disposition@0.5.4
131 silly packumentCache full:https://registry.npmjs.org/content-disposition cache-miss
132 http fetch GET 200 https://registry.npmjs.org/on-finished 37ms (cache miss)
133 silly packumentCache full:https://registry.npmjs.org/on-finished set size:undefined disposed:false
134 http fetch GET 200 https://registry.npmjs.org/http-errors 43ms (cache miss)
135 silly packumentCache full:https://registry.npmjs.org/http-errors set size:undefined disposed:false
136 http fetch GET 200 https://registry.npmjs.org/content-type 27ms (cache miss)
137 silly packumentCache full:https://registry.npmjs.org/content-type set size:undefined disposed:false
138 http fetch GET 200 https://registry.npmjs.org/utils-merge 29ms (cache miss)
139 silly packumentCache full:https://registry.npmjs.org/utils-merge set size:undefined disposed:false
140 http fetch GET 200 https://registry.npmjs.org/finalhandler 26ms (cache miss)
141 silly packumentCache full:https://registry.npmjs.org/finalhandler set size:undefined disposed:false
142 http fetch GET 200 https://registry.npmjs.org/range-parser 24ms (cache miss)
143 silly packumentCache full:https://registry.npmjs.org/range-parser set size:undefined disposed:false
144 http fetch GET 200 https://registry.npmjs.org/escape-html 46ms (cache miss)
145 silly packumentCache full:https://registry.npmjs.org/escape-html set size:undefined disposed:false
146 http fetch GET 200 https://registry.npmjs.org/setprototypeof 23ms (cache miss)
147 silly packumentCache full:https://registry.npmjs.org/setprototypeof set size:undefined disposed:false
148 http fetch GET 200 https://registry.npmjs.org/merge-descriptors 22ms (cache miss)
149 silly packumentCache full:https://registry.npmjs.org/merge-descriptors set size:undefined disposed:false
150 http fetch GET 200 https://registry.npmjs.org/array-flatten 34ms (cache miss)
151 silly packumentCache full:https://registry.npmjs.org/array-flatten set size:undefined disposed:false
152 http fetch GET 200 https://registry.npmjs.org/cookie-signature 25ms (cache miss)
153 silly packumentCache full:https://registry.npmjs.org/cookie-signature set size:undefined disposed:false
154 http fetch GET 200 https://registry.npmjs.org/serve-static 36ms (cache miss)
155 silly packumentCache full:https://registry.npmjs.org/serve-static set size:undefined disposed:false
156 http fetch GET 200 https://registry.npmjs.org/content-disposition 23ms (cache miss)
157 silly packumentCache full:https://registry.npmjs.org/content-disposition set size:undefined disposed:false
158 http fetch GET 200 https://registry.npmjs.org/safe-buffer 56ms (cache miss)
159 silly packumentCache full:https://registry.npmjs.org/safe-buffer set size:undefined disposed:false
160 http fetch GET 200 https://registry.npmjs.org/path-to-regexp 55ms (cache miss)
161 silly packumentCache full:https://registry.npmjs.org/path-to-regexp set size:undefined disposed:false
162 silly placeDep ROOT object-assign@4.1.1 OK for: cors@2.8.5 want: ^4
163 silly placeDep ROOT vary@1.1.2 OK for: cors@2.8.5 want: ^1
164 silly placeDep ROOT accepts@1.3.8 OK for: express@4.19.2 want: ~1.3.8
165 silly placeDep ROOT array-flatten@1.1.1 OK for: express@4.19.2 want: 1.1.1
166 silly placeDep ROOT body-parser@1.20.2 OK for: express@4.19.2 want: 1.20.2
167 silly placeDep ROOT content-disposition@0.5.4 OK for: express@4.19.2 want: 0.5.4
168 silly placeDep ROOT content-type@1.0.5 OK for: express@4.19.2 want: ~1.0.4
169 silly placeDep ROOT cookie@0.6.0 OK for: express@4.19.2 want: 0.6.0
170 silly placeDep ROOT cookie-signature@1.0.6 OK for: express@4.19.2 want: 1.0.6
171 silly placeDep ROOT debug@2.6.9 OK for: express@4.19.2 want: 2.6.9
172 silly placeDep ROOT depd@2.0.0 OK for: express@4.19.2 want: 2.0.0
173 silly placeDep ROOT encodeurl@1.0.2 OK for: express@4.19.2 want: ~1.0.2
174 silly placeDep ROOT escape-html@1.0.3 OK for: express@4.19.2 want: ~1.0.3
175 silly placeDep ROOT etag@1.8.1 OK for: express@4.19.2 want: ~1.8.1
176 silly placeDep ROOT finalhandler@1.2.0 OK for: express@4.19.2 want: 1.2.0
177 silly placeDep ROOT fresh@0.5.2 OK for: express@4.19.2 want: 0.5.2
178 silly placeDep ROOT http-errors@2.0.0 OK for: express@4.19.2 want: 2.0.0
179 silly placeDep ROOT merge-descriptors@1.0.1 OK for: express@4.19.2 want: 1.0.1
180 silly placeDep ROOT methods@1.1.2 OK for: express@4.19.2 want: ~1.1.2
181 silly placeDep ROOT on-finished@2.4.1 OK for: express@4.19.2 want: 2.4.1
182 silly placeDep ROOT parseurl@1.3.3 OK for: express@4.19.2 want: ~1.3.3
183 silly placeDep ROOT path-to-regexp@0.1.7 OK for: express@4.19.2 want: 0.1.7
184 silly placeDep ROOT proxy-addr@2.0.7 OK for: express@4.19.2 want: ~2.0.7
185 silly placeDep ROOT qs@6.11.0 OK for: express@4.19.2 want: 6.11.0
186 silly placeDep ROOT range-parser@1.2.1 OK for: express@4.19.2 want: ~1.2.1
187 silly placeDep ROOT safe-buffer@5.2.1 OK for: express@4.19.2 want: 5.2.1
188 silly placeDep ROOT send@0.18.0 OK for: express@4.19.2 want: 0.18.0
189 silly placeDep ROOT serve-static@1.15.0 OK for: express@4.19.2 want: 1.15.0
190 silly placeDep ROOT setprototypeof@1.2.0 OK for: express@4.19.2 want: 1.2.0
191 silly placeDep ROOT statuses@2.0.1 OK for: express@4.19.2 want: 2.0.1
192 silly placeDep ROOT type-is@1.6.18 OK for: express@4.19.2 want: ~1.6.18
193 silly placeDep ROOT utils-merge@1.0.1 OK for: express@4.19.2 want: 1.0.1
194 silly fetch manifest mime-types@~2.1.34
195 silly packumentCache full:https://registry.npmjs.org/mime-types cache-miss
196 silly fetch manifest negotiator@0.6.3
197 silly packumentCache full:https://registry.npmjs.org/negotiator cache-miss
198 silly fetch manifest bytes@3.1.2
199 silly packumentCache full:https://registry.npmjs.org/bytes cache-miss
200 silly fetch manifest unpipe@1.0.0
201 silly packumentCache full:https://registry.npmjs.org/unpipe cache-miss
202 silly fetch manifest destroy@1.2.0
203 silly packumentCache full:https://registry.npmjs.org/destroy cache-miss
204 silly fetch manifest raw-body@2.5.2
205 silly packumentCache full:https://registry.npmjs.org/raw-body cache-miss
206 silly fetch manifest iconv-lite@0.4.24
207 silly packumentCache full:https://registry.npmjs.org/iconv-lite cache-miss
208 silly fetch manifest content-type@~1.0.5
209 silly packumentCache full:https://registry.npmjs.org/content-type cache-miss
210 silly fetch manifest ms@2.0.0
211 silly packumentCache full:https://registry.npmjs.org/ms cache-miss
212 silly fetch manifest unpipe@~1.0.0
213 silly packumentCache full:https://registry.npmjs.org/unpipe cache-miss
214 silly fetch manifest inherits@2.0.4
215 silly packumentCache full:https://registry.npmjs.org/inherits cache-miss
216 silly fetch manifest toidentifier@1.0.1
217 silly packumentCache full:https://registry.npmjs.org/toidentifier cache-miss
218 silly fetch manifest ee-first@1.1.1
219 silly packumentCache full:https://registry.npmjs.org/ee-first cache-miss
220 silly fetch manifest forwarded@0.2.0
221 silly packumentCache full:https://registry.npmjs.org/forwarded cache-miss
222 silly fetch manifest ipaddr.js@1.9.1
223 silly packumentCache full:https://registry.npmjs.org/ipaddr.js cache-miss
224 http fetch GET 200 https://registry.npmjs.org/content-type 12ms (cache hit)
225 silly packumentCache full:https://registry.npmjs.org/content-type set size:17196 disposed:false
226 silly fetch manifest side-channel@^1.0.4
227 silly packumentCache full:https://registry.npmjs.org/side-channel cache-miss
228 http fetch GET 200 https://registry.npmjs.org/unpipe 32ms (cache miss)
229 silly packumentCache full:https://registry.npmjs.org/unpipe set size:undefined disposed:false
230 silly fetch manifest ms@2.1.3
231 silly packumentCache full:https://registry.npmjs.org/ms cache-miss
232 http fetch GET 200 https://registry.npmjs.org/destroy 34ms (cache miss)
233 silly packumentCache full:https://registry.npmjs.org/destroy set size:undefined disposed:false
234 silly fetch manifest mime@1.6.0
235 silly packumentCache full:https://registry.npmjs.org/mime cache-miss
236 http fetch GET 200 https://registry.npmjs.org/unpipe 35ms (cache miss)
237 silly packumentCache full:https://registry.npmjs.org/unpipe set size:undefined disposed:false
238 silly fetch manifest media-typer@0.3.0
239 silly packumentCache full:https://registry.npmjs.org/media-typer cache-miss
240 http fetch GET 200 https://registry.npmjs.org/inherits 35ms (cache miss)
241 silly packumentCache full:https://registry.npmjs.org/inherits set size:undefined disposed:false
242 silly fetch manifest mime-types@~2.1.24
243 silly packumentCache full:https://registry.npmjs.org/mime-types cache-miss
244 http fetch GET 200 https://registry.npmjs.org/ee-first 37ms (cache miss)
245 silly packumentCache full:https://registry.npmjs.org/ee-first set size:undefined disposed:false
246 http fetch GET 200 https://registry.npmjs.org/bytes 41ms (cache miss)
247 silly packumentCache full:https://registry.npmjs.org/bytes set size:undefined disposed:false
248 http fetch GET 200 https://registry.npmjs.org/mime-types 43ms (cache miss)
249 silly packumentCache full:https://registry.npmjs.org/mime-types set size:undefined disposed:false
250 http fetch GET 200 https://registry.npmjs.org/forwarded 40ms (cache miss)
251 silly packumentCache full:https://registry.npmjs.org/forwarded set size:undefined disposed:false
252 http fetch GET 200 https://registry.npmjs.org/toidentifier 41ms (cache miss)
253 silly packumentCache full:https://registry.npmjs.org/toidentifier set size:undefined disposed:false
254 http fetch GET 200 https://registry.npmjs.org/ipaddr.js 40ms (cache miss)
255 silly packumentCache full:https://registry.npmjs.org/ipaddr.js set size:undefined disposed:false
256 http fetch GET 200 https://registry.npmjs.org/side-channel 31ms (cache miss)
257 silly packumentCache full:https://registry.npmjs.org/side-channel set size:undefined disposed:false
258 http fetch GET 200 https://registry.npmjs.org/raw-body 45ms (cache miss)
259 silly packumentCache full:https://registry.npmjs.org/raw-body set size:undefined disposed:false
260 http fetch GET 200 https://registry.npmjs.org/negotiator 49ms (cache miss)
261 silly packumentCache full:https://registry.npmjs.org/negotiator set size:undefined disposed:false
262 http fetch GET 200 https://registry.npmjs.org/ms 22ms (cache miss)
263 silly packumentCache full:https://registry.npmjs.org/ms set size:undefined disposed:false
264 http fetch GET 200 https://registry.npmjs.org/ms 56ms (cache miss)
265 silly packumentCache full:https://registry.npmjs.org/ms set size:undefined disposed:false
266 http fetch GET 200 https://registry.npmjs.org/mime 28ms (cache miss)
267 silly packumentCache full:https://registry.npmjs.org/mime set size:undefined disposed:false
268 http fetch GET 200 https://registry.npmjs.org/mime-types 35ms (cache miss)
269 silly packumentCache full:https://registry.npmjs.org/mime-types set size:undefined disposed:false
270 http fetch GET 200 https://registry.npmjs.org/iconv-lite 72ms (cache miss)
271 silly packumentCache full:https://registry.npmjs.org/iconv-lite set size:undefined disposed:false
272 http fetch GET 200 https://registry.npmjs.org/media-typer 42ms (cache miss)
273 silly packumentCache full:https://registry.npmjs.org/media-typer set size:undefined disposed:false
274 silly placeDep ROOT mime-types@2.1.35 OK for: accepts@1.3.8 want: ~2.1.34
275 silly placeDep ROOT negotiator@0.6.3 OK for: accepts@1.3.8 want: 0.6.3
276 silly fetch manifest mime-db@1.52.0
277 silly packumentCache full:https://registry.npmjs.org/mime-db cache-miss
278 http fetch GET 200 https://registry.npmjs.org/mime-db 30ms (cache miss)
279 silly packumentCache full:https://registry.npmjs.org/mime-db set size:undefined disposed:false
280 silly placeDep ROOT bytes@3.1.2 OK for: body-parser@1.20.2 want: 3.1.2
281 silly placeDep ROOT destroy@1.2.0 OK for: body-parser@1.20.2 want: 1.2.0
282 silly placeDep ROOT iconv-lite@0.4.24 OK for: body-parser@1.20.2 want: 0.4.24
283 silly placeDep ROOT raw-body@2.5.2 OK for: body-parser@1.20.2 want: 2.5.2
284 silly placeDep ROOT unpipe@1.0.0 OK for: body-parser@1.20.2 want: 1.0.0
285 silly fetch manifest safer-buffer@>= 2.1.2 < 3
286 silly packumentCache full:https://registry.npmjs.org/safer-buffer cache-miss
287 http fetch GET 200 https://registry.npmjs.org/safer-buffer 22ms (cache miss)
288 silly packumentCache full:https://registry.npmjs.org/safer-buffer set size:undefined disposed:false
289 silly placeDep ROOT ms@2.0.0 OK for: debug@2.6.9 want: 2.0.0
290 silly placeDep ROOT inherits@2.0.4 OK for: http-errors@2.0.0 want: 2.0.4
291 silly placeDep ROOT toidentifier@1.0.1 OK for: http-errors@2.0.0 want: 1.0.1
292 silly placeDep ROOT safer-buffer@2.1.2 OK for: iconv-lite@0.4.24 want: >= 2.1.2 < 3
293 silly placeDep ROOT mime-db@1.52.0 OK for: mime-types@2.1.35 want: 1.52.0
294 silly placeDep ROOT ee-first@1.1.1 OK for: on-finished@2.4.1 want: 1.1.1
295 silly placeDep ROOT forwarded@0.2.0 OK for: proxy-addr@2.0.7 want: 0.2.0
296 silly placeDep ROOT ipaddr.js@1.9.1 OK for: proxy-addr@2.0.7 want: 1.9.1
297 silly placeDep ROOT side-channel@1.0.6 OK for: qs@6.11.0 want: ^1.0.4
298 silly fetch manifest call-bind@^1.0.7
299 silly packumentCache full:https://registry.npmjs.org/call-bind cache-miss
300 silly fetch manifest es-errors@^1.3.0
301 silly packumentCache full:https://registry.npmjs.org/es-errors cache-miss
302 silly fetch manifest get-intrinsic@^1.2.4
303 silly packumentCache full:https://registry.npmjs.org/get-intrinsic cache-miss
304 silly fetch manifest object-inspect@^1.13.1
305 silly packumentCache full:https://registry.npmjs.org/object-inspect cache-miss
306 http fetch GET 200 https://registry.npmjs.org/object-inspect 24ms (cache miss)
307 silly packumentCache full:https://registry.npmjs.org/object-inspect set size:undefined disposed:false
308 http fetch GET 200 https://registry.npmjs.org/call-bind 31ms (cache miss)
309 silly packumentCache full:https://registry.npmjs.org/call-bind set size:undefined disposed:false
310 http fetch GET 200 https://registry.npmjs.org/es-errors 32ms (cache miss)
311 silly packumentCache full:https://registry.npmjs.org/es-errors set size:undefined disposed:false
312 http fetch GET 200 https://registry.npmjs.org/get-intrinsic 32ms (cache miss)
313 silly packumentCache full:https://registry.npmjs.org/get-intrinsic set size:undefined disposed:false
314 silly placeDep ROOT mime@1.6.0 OK for: send@0.18.0 want: 1.6.0
315 silly placeDep node_modules/send ms@2.1.3 OK for: send@0.18.0 want: 2.1.3
316 silly placeDep ROOT call-bind@1.0.7 OK for: side-channel@1.0.6 want: ^1.0.7
317 silly placeDep ROOT es-errors@1.3.0 OK for: side-channel@1.0.6 want: ^1.3.0
318 silly placeDep ROOT get-intrinsic@1.2.4 OK for: side-channel@1.0.6 want: ^1.2.4
319 silly placeDep ROOT object-inspect@1.13.2 OK for: side-channel@1.0.6 want: ^1.13.1
320 silly fetch manifest es-define-property@^1.0.0
321 silly packumentCache full:https://registry.npmjs.org/es-define-property cache-miss
322 silly fetch manifest function-bind@^1.1.2
323 silly packumentCache full:https://registry.npmjs.org/function-bind cache-miss
324 silly fetch manifest set-function-length@^1.2.1
325 silly packumentCache full:https://registry.npmjs.org/set-function-length cache-miss
326 silly fetch manifest function-bind@^1.1.2
327 silly packumentCache full:https://registry.npmjs.org/function-bind cache-miss
328 silly fetch manifest has-proto@^1.0.1
329 silly packumentCache full:https://registry.npmjs.org/has-proto cache-miss
330 silly fetch manifest has-symbols@^1.0.3
331 silly packumentCache full:https://registry.npmjs.org/has-symbols cache-miss
332 silly fetch manifest hasown@^2.0.0
333 silly packumentCache full:https://registry.npmjs.org/hasown cache-miss
334 http fetch GET 200 https://registry.npmjs.org/function-bind 23ms (cache miss)
335 silly packumentCache full:https://registry.npmjs.org/function-bind set size:undefined disposed:false
336 http fetch GET 200 https://registry.npmjs.org/hasown 23ms (cache miss)
337 silly packumentCache full:https://registry.npmjs.org/hasown set size:undefined disposed:false
338 http fetch GET 200 https://registry.npmjs.org/function-bind 27ms (cache miss)
339 silly packumentCache full:https://registry.npmjs.org/function-bind set size:undefined disposed:false
340 http fetch GET 200 https://registry.npmjs.org/es-define-property 27ms (cache miss)
341 silly packumentCache full:https://registry.npmjs.org/es-define-property set size:undefined disposed:false
342 http fetch GET 200 https://registry.npmjs.org/has-symbols 29ms (cache miss)
343 silly packumentCache full:https://registry.npmjs.org/has-symbols set size:undefined disposed:false
344 http fetch GET 200 https://registry.npmjs.org/has-proto 32ms (cache miss)
345 silly packumentCache full:https://registry.npmjs.org/has-proto set size:undefined disposed:false
346 http fetch GET 200 https://registry.npmjs.org/set-function-length 33ms (cache miss)
347 silly packumentCache full:https://registry.npmjs.org/set-function-length set size:undefined disposed:false
348 silly placeDep ROOT es-define-property@1.0.0 OK for: call-bind@1.0.7 want: ^1.0.0
349 silly placeDep ROOT function-bind@1.1.2 OK for: call-bind@1.0.7 want: ^1.1.2
350 silly placeDep ROOT set-function-length@1.2.2 OK for: call-bind@1.0.7 want: ^1.2.1
351 silly fetch manifest define-data-property@^1.1.4
352 silly packumentCache full:https://registry.npmjs.org/define-data-property cache-miss
353 silly fetch manifest gopd@^1.0.1
354 silly packumentCache full:https://registry.npmjs.org/gopd cache-miss
355 silly fetch manifest has-property-descriptors@^1.0.2
356 silly packumentCache full:https://registry.npmjs.org/has-property-descriptors cache-miss
357 http fetch GET 200 https://registry.npmjs.org/gopd 22ms (cache miss)
358 silly packumentCache full:https://registry.npmjs.org/gopd set size:undefined disposed:false
359 http fetch GET 200 https://registry.npmjs.org/define-data-property 24ms (cache miss)
360 silly packumentCache full:https://registry.npmjs.org/define-data-property set size:undefined disposed:false
361 http fetch GET 200 https://registry.npmjs.org/has-property-descriptors 39ms (cache miss)
362 silly packumentCache full:https://registry.npmjs.org/has-property-descriptors set size:undefined disposed:false
363 silly placeDep ROOT has-proto@1.0.3 OK for: get-intrinsic@1.2.4 want: ^1.0.1
364 silly placeDep ROOT has-symbols@1.0.3 OK for: get-intrinsic@1.2.4 want: ^1.0.3
365 silly placeDep ROOT hasown@2.0.2 OK for: get-intrinsic@1.2.4 want: ^2.0.0
366 silly placeDep ROOT define-data-property@1.1.4 OK for: set-function-length@1.2.2 want: ^1.1.4
367 silly placeDep ROOT gopd@1.0.1 OK for: set-function-length@1.2.2 want: ^1.0.1
368 silly placeDep ROOT has-property-descriptors@1.0.2 OK for: set-function-length@1.2.2 want: ^1.0.2
369 silly placeDep ROOT media-typer@0.3.0 OK for: type-is@1.6.18 want: 0.3.0
370 silly reify mark retired [ '/home/osama/SideProjects/InfoBoard/api/node_modules/body-parser' ]
371 silly reify mark retired [ '/home/osama/SideProjects/InfoBoard/api/node_modules/call-bind' ]
372 silly reify mark retired [ '/home/osama/SideProjects/InfoBoard/api/node_modules/cookie' ]
373 silly reify mark retired [
373 silly reify   '/home/osama/SideProjects/InfoBoard/api/node_modules/define-data-property'
373 silly reify ]
374 silly reify mark retired [ '/home/osama/SideProjects/InfoBoard/api/node_modules/dotenv' ]
375 silly reify mark retired [ '/home/osama/SideProjects/InfoBoard/api/node_modules/express' ]
376 silly reify mark retired [ '/home/osama/SideProjects/InfoBoard/api/node_modules/get-intrinsic' ]
377 silly reify mark retired [
377 silly reify   '/home/osama/SideProjects/InfoBoard/api/node_modules/has-property-descriptors'
377 silly reify ]
378 silly reify mark retired [ '/home/osama/SideProjects/InfoBoard/api/node_modules/has-proto' ]
379 silly reify mark retired [ '/home/osama/SideProjects/InfoBoard/api/node_modules/hasown' ]
380 silly reify mark retired [
380 silly reify   '/home/osama/SideProjects/InfoBoard/api/node_modules/object-inspect'
380 silly reify ]
381 silly reify mark retired [ '/home/osama/SideProjects/InfoBoard/api/node_modules/raw-body' ]
382 silly reify mark retired [
382 silly reify   '/home/osama/SideProjects/InfoBoard/api/node_modules/set-function-length'
382 silly reify ]
383 silly reify mark retired [ '/home/osama/SideProjects/InfoBoard/api/node_modules/side-channel' ]
384 silly reify moves {
384 silly reify   '/home/osama/SideProjects/InfoBoard/api/node_modules/body-parser': '/home/osama/SideProjects/InfoBoard/api/node_modules/.body-parser-Tw0jD3mO',
384 silly reify   '/home/osama/SideProjects/InfoBoard/api/node_modules/call-bind': '/home/osama/SideProjects/InfoBoard/api/node_modules/.call-bind-Wv86RWUK',
384 silly reify   '/home/osama/SideProjects/InfoBoard/api/node_modules/cookie': '/home/osama/SideProjects/InfoBoard/api/node_modules/.cookie-I8Yc1uj4',
384 silly reify   '/home/osama/SideProjects/InfoBoard/api/node_modules/define-data-property': '/home/osama/SideProjects/InfoBoard/api/node_modules/.define-data-property-8ITx1Je0',
384 silly reify   '/home/osama/SideProjects/InfoBoard/api/node_modules/dotenv': '/home/osama/SideProjects/InfoBoard/api/node_modules/.dotenv-gmgh1TfJ',
384 silly reify   '/home/osama/SideProjects/InfoBoard/api/node_modules/express': '/home/osama/SideProjects/InfoBoard/api/node_modules/.express-HwvPYbbx',
384 silly reify   '/home/osama/SideProjects/InfoBoard/api/node_modules/get-intrinsic': '/home/osama/SideProjects/InfoBoard/api/node_modules/.get-intrinsic-mw6Fq2iy',
384 silly reify   '/home/osama/SideProjects/InfoBoard/api/node_modules/has-property-descriptors': '/home/osama/SideProjects/InfoBoard/api/node_modules/.has-property-descriptors-7RF9oJeR',
384 silly reify   '/home/osama/SideProjects/InfoBoard/api/node_modules/has-proto': '/home/osama/SideProjects/InfoBoard/api/node_modules/.has-proto-P4DZjyhz',
384 silly reify   '/home/osama/SideProjects/InfoBoard/api/node_modules/hasown': '/home/osama/SideProjects/InfoBoard/api/node_modules/.hasown-eQHiiZdQ',
384 silly reify   '/home/osama/SideProjects/InfoBoard/api/node_modules/object-inspect': '/home/osama/SideProjects/InfoBoard/api/node_modules/.object-inspect-Z9FeJpab',
384 silly reify   '/home/osama/SideProjects/InfoBoard/api/node_modules/raw-body': '/home/osama/SideProjects/InfoBoard/api/node_modules/.raw-body-d2mPAC70',
384 silly reify   '/home/osama/SideProjects/InfoBoard/api/node_modules/set-function-length': '/home/osama/SideProjects/InfoBoard/api/node_modules/.set-function-length-KcbPONvd',
384 silly reify   '/home/osama/SideProjects/InfoBoard/api/node_modules/side-channel': '/home/osama/SideProjects/InfoBoard/api/node_modules/.side-channel-fljSM8ZG'
384 silly reify }
385 silly audit bulk request {
385 silly audit   cors: [ '2.8.5' ],
385 silly audit   dotenv: [ '16.4.5' ],
385 silly audit   express: [ '4.19.2' ],
385 silly audit   'object-assign': [ '4.1.1' ],
385 silly audit   vary: [ '1.1.2' ],
385 silly audit   accepts: [ '1.3.8' ],
385 silly audit   'array-flatten': [ '1.1.1' ],
385 silly audit   'body-parser': [ '1.20.2' ],
385 silly audit   'content-disposition': [ '0.5.4' ],
385 silly audit   'content-type': [ '1.0.5' ],
385 silly audit   cookie: [ '0.6.0' ],
385 silly audit   'cookie-signature': [ '1.0.6' ],
385 silly audit   debug: [ '2.6.9' ],
385 silly audit   depd: [ '2.0.0' ],
385 silly audit   encodeurl: [ '1.0.2' ],
385 silly audit   'escape-html': [ '1.0.3' ],
385 silly audit   etag: [ '1.8.1' ],
385 silly audit   finalhandler: [ '1.2.0' ],
385 silly audit   fresh: [ '0.5.2' ],
385 silly audit   'http-errors': [ '2.0.0' ],
385 silly audit   'merge-descriptors': [ '1.0.1' ],
385 silly audit   methods: [ '1.1.2' ],
385 silly audit   'on-finished': [ '2.4.1' ],
385 silly audit   parseurl: [ '1.3.3' ],
385 silly audit   'path-to-regexp': [ '0.1.7' ],
385 silly audit   'proxy-addr': [ '2.0.7' ],
385 silly audit   qs: [ '6.11.0' ],
385 silly audit   'range-parser': [ '1.2.1' ],
385 silly audit   'safe-buffer': [ '5.2.1' ],
385 silly audit   send: [ '0.18.0' ],
385 silly audit   'serve-static': [ '1.15.0' ],
385 silly audit   setprototypeof: [ '1.2.0' ],
385 silly audit   statuses: [ '2.0.1' ],
385 silly audit   'type-is': [ '1.6.18' ],
385 silly audit   'utils-merge': [ '1.0.1' ],
385 silly audit   'mime-types': [ '2.1.35' ],
385 silly audit   negotiator: [ '0.6.3' ],
385 silly audit   bytes: [ '3.1.2' ],
385 silly audit   destroy: [ '1.2.0' ],
385 silly audit   'iconv-lite': [ '0.4.24' ],
385 silly audit   'raw-body': [ '2.5.2' ],
385 silly audit   unpipe: [ '1.0.0' ],
385 silly audit   ms: [ '2.0.0', '2.1.3' ],
385 silly audit   inherits: [ '2.0.4' ],
385 silly audit   toidentifier: [ '1.0.1' ],
385 silly audit   'safer-buffer': [ '2.1.2' ],
385 silly audit   'mime-db': [ '1.52.0' ],
385 silly audit   'ee-first': [ '1.1.1' ],
385 silly audit   forwarded: [ '0.2.0' ],
385 silly audit   'ipaddr.js': [ '1.9.1' ],
385 silly audit   'side-channel': [ '1.0.6' ],
385 silly audit   mime: [ '1.6.0' ],
385 silly audit   'call-bind': [ '1.0.7' ],
385 silly audit   'es-errors': [ '1.3.0' ],
385 silly audit   'get-intrinsic': [ '1.2.4' ],
385 silly audit   'object-inspect': [ '1.13.2' ],
385 silly audit   'es-define-property': [ '1.0.0' ],
385 silly audit   'function-bind': [ '1.1.2' ],
385 silly audit   'set-function-length': [ '1.2.2' ],
385 silly audit   'has-proto': [ '1.0.3' ],
385 silly audit   'has-symbols': [ '1.0.3' ],
385 silly audit   hasown: [ '2.0.2' ],
385 silly audit   'define-data-property': [ '1.1.4' ],
385 silly audit   gopd: [ '1.0.1' ],
385 silly audit   'has-property-descriptors': [ '1.0.2' ],
385 silly audit   'media-typer': [ '0.3.0' ]
385 silly audit }
386 silly tarball no local data for es-define-property@https://registry.npmjs.org/es-define-property/-/es-define-property-1.0.0.tgz. Extracting by manifest.
387 silly tarball no local data for side-channel@https://registry.npmjs.org/side-channel/-/side-channel-1.0.6.tgz. Extracting by manifest.
388 silly tarball no local data for object-inspect@https://registry.npmjs.org/object-inspect/-/object-inspect-1.13.2.tgz. Extracting by manifest.
389 silly tarball no local data for es-errors@https://registry.npmjs.org/es-errors/-/es-errors-1.3.0.tgz. Extracting by manifest.
390 silly tarball no local data for hasown@https://registry.npmjs.org/hasown/-/hasown-2.0.2.tgz. Extracting by manifest.
391 silly tarball no local data for set-function-length@https://registry.npmjs.org/set-function-length/-/set-function-length-1.2.2.tgz. Extracting by manifest.
392 silly tarball no local data for has-property-descriptors@https://registry.npmjs.org/has-property-descriptors/-/has-property-descriptors-1.0.2.tgz. Extracting by manifest.
393 silly tarball no local data for has-proto@https://registry.npmjs.org/has-proto/-/has-proto-1.0.3.tgz. Extracting by manifest.
394 silly tarball no local data for raw-body@https://registry.npmjs.org/raw-body/-/raw-body-2.5.2.tgz. Extracting by manifest.
395 silly tarball no local data for get-intrinsic@https://registry.npmjs.org/get-intrinsic/-/get-intrinsic-1.2.4.tgz. Extracting by manifest.
396 silly tarball no local data for express@https://registry.npmjs.org/express/-/express-4.19.2.tgz. Extracting by manifest.
397 silly tarball no local data for dotenv@https://registry.npmjs.org/dotenv/-/dotenv-16.4.5.tgz. Extracting by manifest.
398 silly tarball no local data for cookie@https://registry.npmjs.org/cookie/-/cookie-0.6.0.tgz. Extracting by manifest.
399 silly tarball no local data for define-data-property@https://registry.npmjs.org/define-data-property/-/define-data-property-1.1.4.tgz. Extracting by manifest.
400 silly tarball no local data for call-bind@https://registry.npmjs.org/call-bind/-/call-bind-1.0.7.tgz. Extracting by manifest.
401 silly tarball no local data for body-parser@https://registry.npmjs.org/body-parser/-/body-parser-1.20.2.tgz. Extracting by manifest.
402 http fetch POST 200 https://registry.npmjs.org/-/npm/v1/security/advisories/bulk 52ms
403 silly audit report {}
404 http fetch GET 200 https://registry.npmjs.org/es-define-property/-/es-define-property-1.0.0.tgz 57ms (cache miss)
405 http fetch GET 200 https://registry.npmjs.org/has-proto/-/has-proto-1.0.3.tgz 55ms (cache miss)
406 http fetch GET 200 https://registry.npmjs.org/hasown/-/hasown-2.0.2.tgz 57ms (cache miss)
407 http fetch GET 200 https://registry.npmjs.org/has-property-descriptors/-/has-property-descriptors-1.0.2.tgz 57ms (cache miss)
408 http fetch GET 200 https://registry.npmjs.org/set-function-length/-/set-function-length-1.2.2.tgz 58ms (cache miss)
409 http fetch GET 200 https://registry.npmjs.org/cookie/-/cookie-0.6.0.tgz 54ms (cache miss)
410 http fetch GET 200 https://registry.npmjs.org/raw-body/-/raw-body-2.5.2.tgz 56ms (cache miss)
411 http fetch GET 200 https://registry.npmjs.org/define-data-property/-/define-data-property-1.1.4.tgz 55ms (cache miss)
412 http fetch GET 200 https://registry.npmjs.org/call-bind/-/call-bind-1.0.7.tgz 56ms (cache miss)
413 http fetch GET 200 https://registry.npmjs.org/es-errors/-/es-errors-1.3.0.tgz 60ms (cache miss)
414 http fetch GET 200 https://registry.npmjs.org/side-channel/-/side-channel-1.0.6.tgz 62ms (cache miss)
415 http fetch GET 200 https://registry.npmjs.org/get-intrinsic/-/get-intrinsic-1.2.4.tgz 58ms (cache miss)
416 http fetch GET 200 https://registry.npmjs.org/dotenv/-/dotenv-16.4.5.tgz 58ms (cache miss)
417 http fetch GET 200 https://registry.npmjs.org/express/-/express-4.19.2.tgz 60ms (cache miss)
418 http fetch GET 200 https://registry.npmjs.org/object-inspect/-/object-inspect-1.13.2.tgz 63ms (cache miss)
419 http fetch GET 200 https://registry.npmjs.org/body-parser/-/body-parser-1.20.2.tgz 59ms (cache miss)
420 silly ADD node_modules/es-define-property
421 silly ADD node_modules/es-errors
422 silly CHANGE node_modules/side-channel
423 silly CHANGE node_modules/set-function-length
424 silly CHANGE node_modules/raw-body
425 silly CHANGE node_modules/object-inspect
426 silly CHANGE node_modules/hasown
427 silly CHANGE node_modules/has-proto
428 silly CHANGE node_modules/has-property-descriptors
429 silly CHANGE node_modules/get-intrinsic
430 silly CHANGE node_modules/express
431 silly CHANGE node_modules/dotenv
432 silly CHANGE node_modules/define-data-property
433 silly CHANGE node_modules/cookie
434 silly CHANGE node_modules/call-bind
435 silly CHANGE node_modules/body-parser
436 verbose cwd /home/osama/SideProjects/InfoBoard/api
437 verbose os Linux 6.8.0-39-generic
438 verbose node v20.16.0
439 verbose npm  v10.8.2
440 verbose exit 0
441 info ok
